<?xml version="1.0" encoding="UTF-8" ?>
<testsuite tests="3" failures="1" name="org.spacehq.mc.protocol.MinecraftProtocolTest" time="4.306" errors="0" skipped="0">
  <properties>
[...]
</properties>
  <testcase classname="org.spacehq.mc.protocol.MinecraftProtocolTest" name="testLogin" time="4.169">
    <failure message="Failed to log in." type="java.lang.AssertionError">java.lang.AssertionError: Failed to log in.
	at org.junit.Assert.fail(Assert.java:88)
	at org.junit.Assert.assertTrue(Assert.java:41)
	at org.junit.Assert.assertNotNull(Assert.java:712)
	at org.spacehq.mc.protocol.MinecraftProtocolTest.testLogin(MinecraftProtocolTest.java:109)
	at sun.reflect.NativeMethodAccessorImpl.invoke0(Native Method)
	at sun.reflect.NativeMethodAccessorImpl.invoke(NativeMethodAccessorImpl.java:62)
	at sun.reflect.DelegatingMethodAccessorImpl.invoke(DelegatingMethodAccessorImpl.java:43)
	at java.lang.reflect.Method.invoke(Method.java:498)
	at org.junit.runners.model.FrameworkMethod$1.runReflectiveCall(FrameworkMethod.java:50)
	at org.junit.internal.runners.model.ReflectiveCallable.run(ReflectiveCallable.java:12)
	at org.junit.runners.model.FrameworkMethod.invokeExplosively(FrameworkMethod.java:47)
	at org.junit.internal.runners.statements.InvokeMethod.evaluate(InvokeMethod.java:17)
	at org.junit.internal.runners.statements.RunAfters.evaluate(RunAfters.java:27)
	at org.junit.runners.ParentRunner.runLeaf(ParentRunner.java:325)
	at org.junit.runners.BlockJUnit4ClassRunner.runChild(BlockJUnit4ClassRunner.java:78)
	at org.junit.runners.BlockJUnit4ClassRunner.runChild(BlockJUnit4ClassRunner.java:57)
	at org.junit.runners.ParentRunner$3.run(ParentRunner.java:290)
	at org.junit.runners.ParentRunner$1.schedule(ParentRunner.java:71)
	at org.junit.runners.ParentRunner.runChildren(ParentRunner.java:288)
	at org.junit.runners.ParentRunner.access$000(ParentRunner.java:58)
	at org.junit.runners.ParentRunner$2.evaluate(ParentRunner.java:268)
	at org.junit.internal.runners.statements.RunBefores.evaluate(RunBefores.java:26)
	at org.junit.internal.runners.statements.RunAfters.evaluate(RunAfters.java:27)
	at org.junit.runners.ParentRunner.run(ParentRunner.java:363)
	at org.apache.maven.surefire.junit4.JUnit4Provider.execute(JUnit4Provider.java:252)
	at org.apache.maven.surefire.junit4.JUnit4Provider.executeTestSet(JUnit4Provider.java:141)
	at org.apache.maven.surefire.junit4.JUnit4Provider.invoke(JUnit4Provider.java:112)
	at sun.reflect.NativeMethodAccessorImpl.invoke0(Native Method)
	at sun.reflect.NativeMethodAccessorImpl.invoke(NativeMethodAccessorImpl.java:62)
	at sun.reflect.DelegatingMethodAccessorImpl.invoke(DelegatingMethodAccessorImpl.java:43)
	at java.lang.reflect.Method.invoke(Method.java:498)
	at org.apache.maven.surefire.util.ReflectionUtils.invokeMethodWithArray(ReflectionUtils.java:189)
	at org.apache.maven.surefire.booter.ProviderFactory$ProviderProxy.invoke(ProviderFactory.java:165)
	at org.apache.maven.surefire.booter.ProviderFactory.invokeProvider(ProviderFactory.java:85)
	at org.apache.maven.surefire.booter.ForkedBooter.runSuitesInProcess(ForkedBooter.java:115)
	at org.apache.maven.surefire.booter.ForkedBooter.main(ForkedBooter.java:75)
</failure>
    <system-err>Exception in thread &quot;Thread-3&quot; java.lang.IllegalArgumentException: Failed to instantiate packet &quot;11, com.github.steveice10.mc.protocol.packet.ingame.client.player.ClientPlayerStatePacket&quot;.
	at org.spacehq.packetlib.packet.PacketProtocol.registerIncoming(PacketProtocol.java:90)
	at com.github.steveice10.mc.protocol.MinecraftProtocol.initServerGame(MinecraftProtocol.java:428)
	at com.github.steveice10.mc.protocol.MinecraftProtocol.setSubProtocol(MinecraftProtocol.java:267)
	at com.github.steveice10.mc.protocol.ServerListener$UserAuthTask.run(ServerListener.java:183)
	at java.lang.Thread.run(Thread.java:748)
Caused by: java.lang.NoSuchMethodException: com.github.steveice10.mc.protocol.packet.ingame.client.player.ClientPlayerStatePacket.&lt;init&gt;()
	at java.lang.Class.getConstructor0(Class.java:3082)
	at java.lang.Class.getDeclaredConstructor(Class.java:2178)
	at org.spacehq.packetlib.packet.PacketProtocol.createIncomingPacket(PacketProtocol.java:119)
	at org.spacehq.packetlib.packet.PacketProtocol.registerIncoming(PacketProtocol.java:87)
	... 4 more
</system-err>
  </testcase>
  <testcase classname="org.spacehq.mc.protocol.MinecraftProtocolTest" name="testBlockBreak" time="0"/>
  <testcase classname="org.spacehq.mc.protocol.MinecraftProtocolTest" name="testStatus" time="0.137"/>
</testsuite>